S0N0: 2024/03/18 15:06:59 messageHandle.go:29: S0N0 get sequenceLock locked, now trying to propose...
S0N0: 2024/03/18 15:06:59 messageHandle.go:36: S0N0 put the request into the pool ...
S0N0: 2024/03/18 15:06:59 messageHandle.go:95: S0N0 : received the Prepare ...
S0N0: 2024/03/18 15:06:59 messageHandle.go:95: S0N0 : received the Prepare ...
S0N0: 2024/03/18 15:06:59 messageHandle.go:127: S0N0 : is going to commit
S0N0: 2024/03/18 15:06:59 messageHandle.go:141: S0N0 : commit is broadcast
S0N0: 2024/03/18 15:06:59 messageHandle.go:153: S0N0 received the Commit from ...3
S0N0: 2024/03/18 15:06:59 messageHandle.go:95: S0N0 : received the Prepare ...
S0N0: 2024/03/18 15:06:59 messageHandle.go:153: S0N0 received the Commit from ...2
S0N0: 2024/03/18 15:06:59 messageHandle.go:165: S0N0 : has received 2f + 1 commits ... 
S0N0: 2024/03/18 15:06:59 pbftInside_module.go:59: S0N0 : adding the block 1...now height = 0 
S0N0: 2024/03/18 15:07:00 pbftInside_module.go:62: S0N0 : added the block 1... 
S0N0: 2024/03/18 15:07:00 pbftInside_module.go:67: S0N0 : main node is trying to send relay txs at height = 1 
S0N0: 2024/03/18 15:07:00 pbftInside_module.go:120: S0N0 : sended excuted txs
S0N0: 2024/03/18 15:07:00 messageHandle.go:194: S0N0: this round of pbft 1 is end 
S0N0: 2024/03/18 15:07:00 messageHandle.go:201: S0N0 get sequenceLock unlocked...
S0N0: 2024/03/18 15:07:00 messageHandle.go:153: S0N0 received the Commit from ...1
S0N0: 2024/03/18 15:07:03 pbftOutside_module.go:49: S0N0 : has handled injected txs msg, txs: 1362 
S0N0: 2024/03/18 15:07:04 messageHandle.go:29: S0N0 get sequenceLock locked, now trying to propose...
S0N0: 2024/03/18 15:07:04 pbftOutside_module.go:49: S0N0 : has handled injected txs msg, txs: 1599 
S0N0: 2024/03/18 15:07:04 messageHandle.go:36: S0N0 put the request into the pool ...
S0N0: 2024/03/18 15:07:05 messageHandle.go:95: S0N0 : received the Prepare ...
S0N0: 2024/03/18 15:07:05 messageHandle.go:95: S0N0 : received the Prepare ...
S0N0: 2024/03/18 15:07:05 messageHandle.go:127: S0N0 : is going to commit
S0N0: 2024/03/18 15:07:05 messageHandle.go:141: S0N0 : commit is broadcast
S0N0: 2024/03/18 15:07:05 messageHandle.go:95: S0N0 : received the Prepare ...
S0N0: 2024/03/18 15:07:05 messageHandle.go:153: S0N0 received the Commit from ...3
S0N0: 2024/03/18 15:07:05 messageHandle.go:153: S0N0 received the Commit from ...1
S0N0: 2024/03/18 15:07:05 messageHandle.go:165: S0N0 : has received 2f + 1 commits ... 
S0N0: 2024/03/18 15:07:05 pbftInside_module.go:59: S0N0 : adding the block 2...now height = 1 
S0N0: 2024/03/18 15:07:05 pbftInside_module.go:62: S0N0 : added the block 2... 
S0N0: 2024/03/18 15:07:05 pbftInside_module.go:67: S0N0 : main node is trying to send relay txs at height = 2 
S0N0: 2024/03/18 15:07:05 pbftInside_module.go:120: S0N0 : sended excuted txs
S0N0: 2024/03/18 15:07:05 messageHandle.go:194: S0N0: this round of pbft 2 is end 
S0N0: 2024/03/18 15:07:05 messageHandle.go:201: S0N0 get sequenceLock unlocked...
S0N0: 2024/03/18 15:07:05 messageHandle.go:153: S0N0 received the Commit from ...2
S0N0: 2024/03/18 15:07:05 pbftOutside_module.go:49: S0N0 : has handled injected txs msg, txs: 468 
S0N0: 2024/03/18 15:07:06 pbftOutside_module.go:49: S0N0 : has handled injected txs msg, txs: 957 
S0N0: 2024/03/18 15:07:07 pbftOutside_module.go:49: S0N0 : has handled injected txs msg, txs: 1446 
S0N0: 2024/03/18 15:07:08 pbftOutside_module.go:49: S0N0 : has handled injected txs msg, txs: 1191 
S0N0: 2024/03/18 15:07:09 pbftOutside_module.go:49: S0N0 : has handled injected txs msg, txs: 691 
S0N0: 2024/03/18 15:07:10 messageHandle.go:29: S0N0 get sequenceLock locked, now trying to propose...
S0N0: 2024/03/18 15:07:10 messageHandle.go:36: S0N0 put the request into the pool ...
S0N0: 2024/03/18 15:07:10 messageHandle.go:95: S0N0 : received the Prepare ...
S0N0: 2024/03/18 15:07:10 messageHandle.go:95: S0N0 : received the Prepare ...
S0N0: 2024/03/18 15:07:10 messageHandle.go:127: S0N0 : is going to commit
S0N0: 2024/03/18 15:07:10 messageHandle.go:141: S0N0 : commit is broadcast
S0N0: 2024/03/18 15:07:10 messageHandle.go:95: S0N0 : received the Prepare ...
S0N0: 2024/03/18 15:07:10 messageHandle.go:153: S0N0 received the Commit from ...3
S0N0: 2024/03/18 15:07:10 messageHandle.go:153: S0N0 received the Commit from ...2
S0N0: 2024/03/18 15:07:10 messageHandle.go:165: S0N0 : has received 2f + 1 commits ... 
S0N0: 2024/03/18 15:07:10 pbftInside_module.go:59: S0N0 : adding the block 3...now height = 2 
S0N0: 2024/03/18 15:07:10 pbftInside_module.go:62: S0N0 : added the block 3... 
S0N0: 2024/03/18 15:07:10 pbftInside_module.go:67: S0N0 : main node is trying to send relay txs at height = 3 
S0N0: 2024/03/18 15:07:10 pbftInside_module.go:120: S0N0 : sended excuted txs
S0N0: 2024/03/18 15:07:10 messageHandle.go:194: S0N0: this round of pbft 3 is end 
S0N0: 2024/03/18 15:07:10 messageHandle.go:201: S0N0 get sequenceLock unlocked...
S0N0: 2024/03/18 15:07:10 messageHandle.go:153: S0N0 received the Commit from ...1
S0N0: 2024/03/18 15:07:10 pbftOutside_module.go:49: S0N0 : has handled injected txs msg, txs: 734 
S0N0: 2024/03/18 15:07:12 pbftOutside_module.go:49: S0N0 : has handled injected txs msg, txs: 60 
S0N0: 2024/03/18 15:07:13 pbftOutside_module.go:49: S0N0 : has handled injected txs msg, txs: 70 
S0N0: 2024/03/18 15:07:14 pbftOutside_module.go:49: S0N0 : has handled injected txs msg, txs: 1216 
S0N0: 2024/03/18 15:07:15 messageHandle.go:29: S0N0 get sequenceLock locked, now trying to propose...
S0N0: 2024/03/18 15:07:15 messageHandle.go:36: S0N0 put the request into the pool ...
S0N0: 2024/03/18 15:07:15 messageHandle.go:95: S0N0 : received the Prepare ...
S0N0: 2024/03/18 15:07:15 messageHandle.go:95: S0N0 : received the Prepare ...
S0N0: 2024/03/18 15:07:15 messageHandle.go:127: S0N0 : is going to commit
S0N0: 2024/03/18 15:07:15 messageHandle.go:141: S0N0 : commit is broadcast
S0N0: 2024/03/18 15:07:15 messageHandle.go:95: S0N0 : received the Prepare ...
S0N0: 2024/03/18 15:07:15 messageHandle.go:153: S0N0 received the Commit from ...3
S0N0: 2024/03/18 15:07:15 messageHandle.go:153: S0N0 received the Commit from ...2
S0N0: 2024/03/18 15:07:15 messageHandle.go:165: S0N0 : has received 2f + 1 commits ... 
S0N0: 2024/03/18 15:07:15 pbftInside_module.go:59: S0N0 : adding the block 4...now height = 3 
S0N0: 2024/03/18 15:07:15 pbftInside_module.go:62: S0N0 : added the block 4... 
S0N0: 2024/03/18 15:07:15 pbftInside_module.go:67: S0N0 : main node is trying to send relay txs at height = 4 
S0N0: 2024/03/18 15:07:15 pbftInside_module.go:120: S0N0 : sended excuted txs
S0N0: 2024/03/18 15:07:15 messageHandle.go:194: S0N0: this round of pbft 4 is end 
S0N0: 2024/03/18 15:07:15 messageHandle.go:201: S0N0 get sequenceLock unlocked...
S0N0: 2024/03/18 15:07:15 messageHandle.go:153: S0N0 received the Commit from ...1
S0N0: 2024/03/18 15:07:15 pbftOutside_module.go:49: S0N0 : has handled injected txs msg, txs: 706 
S0N0: 2024/03/18 15:07:16 pbftOutside_module.go:49: S0N0 : has handled injected txs msg, txs: 1367 
S0N0: 2024/03/18 15:07:17 pbftOutside_module.go:49: S0N0 : has handled injected txs msg, txs: 1167 
S0N0: 2024/03/18 15:07:18 pbftOutside_module.go:49: S0N0 : has handled injected txs msg, txs: 83 
S0N0: 2024/03/18 15:07:19 pbftOutside_module.go:49: S0N0 : has handled injected txs msg, txs: 110 
S0N0: 2024/03/18 15:07:20 messageHandle.go:29: S0N0 get sequenceLock locked, now trying to propose...
S0N0: 2024/03/18 15:07:20 messageHandle.go:36: S0N0 put the request into the pool ...
S0N0: 2024/03/18 15:07:20 messageHandle.go:95: S0N0 : received the Prepare ...
S0N0: 2024/03/18 15:07:20 messageHandle.go:95: S0N0 : received the Prepare ...
S0N0: 2024/03/18 15:07:20 messageHandle.go:127: S0N0 : is going to commit
S0N0: 2024/03/18 15:07:20 messageHandle.go:141: S0N0 : commit is broadcast
S0N0: 2024/03/18 15:07:20 messageHandle.go:95: S0N0 : received the Prepare ...
S0N0: 2024/03/18 15:07:20 messageHandle.go:153: S0N0 received the Commit from ...3
S0N0: 2024/03/18 15:07:20 messageHandle.go:153: S0N0 received the Commit from ...2
S0N0: 2024/03/18 15:07:20 messageHandle.go:165: S0N0 : has received 2f + 1 commits ... 
S0N0: 2024/03/18 15:07:20 pbftInside_module.go:59: S0N0 : adding the block 5...now height = 4 
S0N0: 2024/03/18 15:07:20 pbftInside_module.go:62: S0N0 : added the block 5... 
S0N0: 2024/03/18 15:07:20 pbftInside_module.go:67: S0N0 : main node is trying to send relay txs at height = 5 
S0N0: 2024/03/18 15:07:20 pbftInside_module.go:120: S0N0 : sended excuted txs
S0N0: 2024/03/18 15:07:20 messageHandle.go:194: S0N0: this round of pbft 5 is end 
S0N0: 2024/03/18 15:07:20 messageHandle.go:201: S0N0 get sequenceLock unlocked...
S0N0: 2024/03/18 15:07:20 messageHandle.go:153: S0N0 received the Commit from ...1
S0N0: 2024/03/18 15:07:21 pbftOutside_module.go:49: S0N0 : has handled injected txs msg, txs: 45 
S0N0: 2024/03/18 15:07:22 pbftOutside_module.go:49: S0N0 : has handled injected txs msg, txs: 923 
S0N0: 2024/03/18 15:07:23 pbftOutside_module.go:49: S0N0 : has handled injected txs msg, txs: 1630 
S0N0: 2024/03/18 15:07:24 pbftOutside_module.go:49: S0N0 : has handled injected txs msg, txs: 1656 
S0N0: 2024/03/18 15:07:25 messageHandle.go:29: S0N0 get sequenceLock locked, now trying to propose...
S0N0: 2024/03/18 15:07:25 messageHandle.go:36: S0N0 put the request into the pool ...
S0N0: 2024/03/18 15:07:25 messageHandle.go:95: S0N0 : received the Prepare ...
S0N0: 2024/03/18 15:07:25 messageHandle.go:95: S0N0 : received the Prepare ...
S0N0: 2024/03/18 15:07:25 messageHandle.go:127: S0N0 : is going to commit
S0N0: 2024/03/18 15:07:25 messageHandle.go:141: S0N0 : commit is broadcast
S0N0: 2024/03/18 15:07:25 messageHandle.go:95: S0N0 : received the Prepare ...
S0N0: 2024/03/18 15:07:25 messageHandle.go:153: S0N0 received the Commit from ...2
S0N0: 2024/03/18 15:07:25 messageHandle.go:153: S0N0 received the Commit from ...1
S0N0: 2024/03/18 15:07:25 messageHandle.go:165: S0N0 : has received 2f + 1 commits ... 
S0N0: 2024/03/18 15:07:25 pbftInside_module.go:59: S0N0 : adding the block 6...now height = 5 
S0N0: 2024/03/18 15:07:25 pbftInside_module.go:62: S0N0 : added the block 6... 
S0N0: 2024/03/18 15:07:25 pbftInside_module.go:67: S0N0 : main node is trying to send relay txs at height = 6 
S0N0: 2024/03/18 15:07:25 pbftInside_module.go:120: S0N0 : sended excuted txs
S0N0: 2024/03/18 15:07:25 messageHandle.go:194: S0N0: this round of pbft 6 is end 
S0N0: 2024/03/18 15:07:25 messageHandle.go:201: S0N0 get sequenceLock unlocked...
S0N0: 2024/03/18 15:07:25 messageHandle.go:153: S0N0 received the Commit from ...3
S0N0: 2024/03/18 15:07:25 pbftOutside_module.go:49: S0N0 : has handled injected txs msg, txs: 700 
S0N0: 2024/03/18 15:07:26 pbftOutside_module.go:49: S0N0 : has handled injected txs msg, txs: 911 
S0N0: 2024/03/18 15:07:27 pbftOutside_module.go:49: S0N0 : has handled injected txs msg, txs: 1538 
S0N0: 2024/03/18 15:07:28 pbftOutside_module.go:49: S0N0 : has handled injected txs msg, txs: 1398 
S0N0: 2024/03/18 15:07:29 pbftOutside_module.go:49: S0N0 : has handled injected txs msg, txs: 621 
S0N0: 2024/03/18 15:07:30 messageHandle.go:29: S0N0 get sequenceLock locked, now trying to propose...
S0N0: 2024/03/18 15:07:30 messageHandle.go:36: S0N0 put the request into the pool ...
S0N0: 2024/03/18 15:07:30 messageHandle.go:95: S0N0 : received the Prepare ...
S0N0: 2024/03/18 15:07:30 messageHandle.go:95: S0N0 : received the Prepare ...
S0N0: 2024/03/18 15:07:30 messageHandle.go:127: S0N0 : is going to commit
S0N0: 2024/03/18 15:07:30 messageHandle.go:141: S0N0 : commit is broadcast
S0N0: 2024/03/18 15:07:30 messageHandle.go:95: S0N0 : received the Prepare ...
S0N0: 2024/03/18 15:07:30 messageHandle.go:153: S0N0 received the Commit from ...2
S0N0: 2024/03/18 15:07:30 messageHandle.go:153: S0N0 received the Commit from ...1
S0N0: 2024/03/18 15:07:30 messageHandle.go:165: S0N0 : has received 2f + 1 commits ... 
S0N0: 2024/03/18 15:07:30 pbftInside_module.go:59: S0N0 : adding the block 7...now height = 6 
S0N0: 2024/03/18 15:07:30 pbftInside_module.go:62: S0N0 : added the block 7... 
S0N0: 2024/03/18 15:07:30 pbftInside_module.go:67: S0N0 : main node is trying to send relay txs at height = 7 
S0N0: 2024/03/18 15:07:30 pbftInside_module.go:120: S0N0 : sended excuted txs
S0N0: 2024/03/18 15:07:30 messageHandle.go:194: S0N0: this round of pbft 7 is end 
S0N0: 2024/03/18 15:07:30 messageHandle.go:201: S0N0 get sequenceLock unlocked...
S0N0: 2024/03/18 15:07:30 messageHandle.go:153: S0N0 received the Commit from ...3
S0N0: 2024/03/18 15:07:30 pbftOutside_module.go:49: S0N0 : has handled injected txs msg, txs: 1486 
S0N0: 2024/03/18 15:07:31 pbftOutside_module.go:49: S0N0 : has handled injected txs msg, txs: 617 
S0N0: 2024/03/18 15:07:33 pbftOutside_module.go:49: S0N0 : has handled injected txs msg, txs: 68 
S0N0: 2024/03/18 15:07:34 pbftOutside_module.go:49: S0N0 : has handled injected txs msg, txs: 209 
S0N0: 2024/03/18 15:07:35 pbftOutside_module.go:49: S0N0 : has handled injected txs msg, txs: 770 
S0N0: 2024/03/18 15:07:35 messageHandle.go:29: S0N0 get sequenceLock locked, now trying to propose...
S0N0: 2024/03/18 15:07:35 messageHandle.go:36: S0N0 put the request into the pool ...
S0N0: 2024/03/18 15:07:35 messageHandle.go:95: S0N0 : received the Prepare ...
S0N0: 2024/03/18 15:07:35 messageHandle.go:95: S0N0 : received the Prepare ...
S0N0: 2024/03/18 15:07:35 messageHandle.go:127: S0N0 : is going to commit
S0N0: 2024/03/18 15:07:35 messageHandle.go:141: S0N0 : commit is broadcast
S0N0: 2024/03/18 15:07:35 messageHandle.go:95: S0N0 : received the Prepare ...
S0N0: 2024/03/18 15:07:35 messageHandle.go:153: S0N0 received the Commit from ...1
S0N0: 2024/03/18 15:07:35 messageHandle.go:153: S0N0 received the Commit from ...2
S0N0: 2024/03/18 15:07:35 messageHandle.go:165: S0N0 : has received 2f + 1 commits ... 
S0N0: 2024/03/18 15:07:35 pbftInside_module.go:59: S0N0 : adding the block 8...now height = 7 
S0N0: 2024/03/18 15:07:36 pbftInside_module.go:62: S0N0 : added the block 8... 
S0N0: 2024/03/18 15:07:36 pbftInside_module.go:67: S0N0 : main node is trying to send relay txs at height = 8 
S0N0: 2024/03/18 15:07:36 pbftInside_module.go:120: S0N0 : sended excuted txs
S0N0: 2024/03/18 15:07:36 messageHandle.go:194: S0N0: this round of pbft 8 is end 
S0N0: 2024/03/18 15:07:36 messageHandle.go:201: S0N0 get sequenceLock unlocked...
S0N0: 2024/03/18 15:07:36 messageHandle.go:153: S0N0 received the Commit from ...3
S0N0: 2024/03/18 15:07:36 pbftOutside_module.go:49: S0N0 : has handled injected txs msg, txs: 1597 
S0N0: 2024/03/18 15:07:37 pbftOutside_module.go:49: S0N0 : has handled injected txs msg, txs: 1530 
S0N0: 2024/03/18 15:07:38 pbftOutside_module.go:49: S0N0 : has handled injected txs msg, txs: 1379 
S0N0: 2024/03/18 15:07:39 pbftOutside_module.go:49: S0N0 : has handled injected txs msg, txs: 767 
S0N0: 2024/03/18 15:07:40 pbftOutside_module.go:49: S0N0 : has handled injected txs msg, txs: 1486 
S0N0: 2024/03/18 15:07:40 messageHandle.go:29: S0N0 get sequenceLock locked, now trying to propose...
S0N0: 2024/03/18 15:07:40 messageHandle.go:36: S0N0 put the request into the pool ...
S0N0: 2024/03/18 15:07:40 messageHandle.go:95: S0N0 : received the Prepare ...
S0N0: 2024/03/18 15:07:40 messageHandle.go:95: S0N0 : received the Prepare ...
S0N0: 2024/03/18 15:07:40 messageHandle.go:127: S0N0 : is going to commit
S0N0: 2024/03/18 15:07:40 messageHandle.go:141: S0N0 : commit is broadcast
S0N0: 2024/03/18 15:07:40 messageHandle.go:95: S0N0 : received the Prepare ...
S0N0: 2024/03/18 15:07:40 messageHandle.go:153: S0N0 received the Commit from ...3
S0N0: 2024/03/18 15:07:40 messageHandle.go:153: S0N0 received the Commit from ...2
S0N0: 2024/03/18 15:07:40 messageHandle.go:165: S0N0 : has received 2f + 1 commits ... 
S0N0: 2024/03/18 15:07:40 pbftInside_module.go:59: S0N0 : adding the block 9...now height = 8 
S0N0: 2024/03/18 15:07:41 pbftInside_module.go:62: S0N0 : added the block 9... 
S0N0: 2024/03/18 15:07:41 pbftInside_module.go:67: S0N0 : main node is trying to send relay txs at height = 9 
S0N0: 2024/03/18 15:07:41 pbftInside_module.go:120: S0N0 : sended excuted txs
S0N0: 2024/03/18 15:07:41 messageHandle.go:194: S0N0: this round of pbft 9 is end 
S0N0: 2024/03/18 15:07:41 messageHandle.go:201: S0N0 get sequenceLock unlocked...
S0N0: 2024/03/18 15:07:41 messageHandle.go:153: S0N0 received the Commit from ...1
S0N0: 2024/03/18 15:07:41 pbftOutside_module.go:49: S0N0 : has handled injected txs msg, txs: 1558 
S0N0: 2024/03/18 15:07:42 pbftOutside_module.go:49: S0N0 : has handled injected txs msg, txs: 673 
S0N0: 2024/03/18 15:07:43 pbftOutside_module.go:49: S0N0 : has handled injected txs msg, txs: 779 
