S0N2: 2024/03/18 15:06:59 pbftInside_module.go:42: S0N2 : the pre-prepare message is correct, putting it into the RequestPool. 
S0N2: 2024/03/18 15:06:59 messageHandle.go:90: S0N2 : has broadcast the prepare message 
S0N2: 2024/03/18 15:06:59 messageHandle.go:95: S0N2 : received the Prepare ...
S0N2: 2024/03/18 15:06:59 messageHandle.go:127: S0N2 : is going to commit
S0N2: 2024/03/18 15:06:59 messageHandle.go:141: S0N2 : commit is broadcast
S0N2: 2024/03/18 15:06:59 messageHandle.go:153: S0N2 received the Commit from ...0
S0N2: 2024/03/18 15:06:59 messageHandle.go:95: S0N2 : received the Prepare ...
S0N2: 2024/03/18 15:06:59 messageHandle.go:153: S0N2 received the Commit from ...1
S0N2: 2024/03/18 15:06:59 messageHandle.go:165: S0N2 : has received 2f + 1 commits ... 
S0N2: 2024/03/18 15:06:59 pbftInside_module.go:59: S0N2 : adding the block 1...now height = 0 
S0N2: 2024/03/18 15:07:00 pbftInside_module.go:62: S0N2 : added the block 1... 
S0N2: 2024/03/18 15:07:00 messageHandle.go:194: S0N2: this round of pbft 1 is end 
S0N2: 2024/03/18 15:07:00 messageHandle.go:153: S0N2 received the Commit from ...3
S0N2: 2024/03/18 15:07:05 pbftInside_module.go:42: S0N2 : the pre-prepare message is correct, putting it into the RequestPool. 
S0N2: 2024/03/18 15:07:05 messageHandle.go:90: S0N2 : has broadcast the prepare message 
S0N2: 2024/03/18 15:07:05 messageHandle.go:95: S0N2 : received the Prepare ...
S0N2: 2024/03/18 15:07:05 messageHandle.go:127: S0N2 : is going to commit
S0N2: 2024/03/18 15:07:05 messageHandle.go:141: S0N2 : commit is broadcast
S0N2: 2024/03/18 15:07:05 messageHandle.go:95: S0N2 : received the Prepare ...
S0N2: 2024/03/18 15:07:05 messageHandle.go:153: S0N2 received the Commit from ...3
S0N2: 2024/03/18 15:07:05 messageHandle.go:153: S0N2 received the Commit from ...0
S0N2: 2024/03/18 15:07:05 messageHandle.go:165: S0N2 : has received 2f + 1 commits ... 
S0N2: 2024/03/18 15:07:05 pbftInside_module.go:59: S0N2 : adding the block 2...now height = 1 
S0N2: 2024/03/18 15:07:05 pbftInside_module.go:62: S0N2 : added the block 2... 
S0N2: 2024/03/18 15:07:05 messageHandle.go:194: S0N2: this round of pbft 2 is end 
S0N2: 2024/03/18 15:07:05 messageHandle.go:153: S0N2 received the Commit from ...1
S0N2: 2024/03/18 15:07:10 pbftInside_module.go:42: S0N2 : the pre-prepare message is correct, putting it into the RequestPool. 
S0N2: 2024/03/18 15:07:10 messageHandle.go:90: S0N2 : has broadcast the prepare message 
S0N2: 2024/03/18 15:07:10 messageHandle.go:95: S0N2 : received the Prepare ...
S0N2: 2024/03/18 15:07:10 messageHandle.go:127: S0N2 : is going to commit
S0N2: 2024/03/18 15:07:10 messageHandle.go:141: S0N2 : commit is broadcast
S0N2: 2024/03/18 15:07:10 messageHandle.go:95: S0N2 : received the Prepare ...
S0N2: 2024/03/18 15:07:10 messageHandle.go:153: S0N2 received the Commit from ...3
S0N2: 2024/03/18 15:07:10 messageHandle.go:153: S0N2 received the Commit from ...0
S0N2: 2024/03/18 15:07:10 messageHandle.go:165: S0N2 : has received 2f + 1 commits ... 
S0N2: 2024/03/18 15:07:10 pbftInside_module.go:59: S0N2 : adding the block 3...now height = 2 
S0N2: 2024/03/18 15:07:11 pbftInside_module.go:62: S0N2 : added the block 3... 
S0N2: 2024/03/18 15:07:11 messageHandle.go:194: S0N2: this round of pbft 3 is end 
S0N2: 2024/03/18 15:07:11 messageHandle.go:153: S0N2 received the Commit from ...1
S0N2: 2024/03/18 15:07:15 pbftInside_module.go:42: S0N2 : the pre-prepare message is correct, putting it into the RequestPool. 
S0N2: 2024/03/18 15:07:15 messageHandle.go:90: S0N2 : has broadcast the prepare message 
S0N2: 2024/03/18 15:07:15 messageHandle.go:95: S0N2 : received the Prepare ...
S0N2: 2024/03/18 15:07:15 messageHandle.go:127: S0N2 : is going to commit
S0N2: 2024/03/18 15:07:15 messageHandle.go:141: S0N2 : commit is broadcast
S0N2: 2024/03/18 15:07:15 messageHandle.go:95: S0N2 : received the Prepare ...
S0N2: 2024/03/18 15:07:15 messageHandle.go:153: S0N2 received the Commit from ...0
S0N2: 2024/03/18 15:07:15 messageHandle.go:153: S0N2 received the Commit from ...3
S0N2: 2024/03/18 15:07:15 messageHandle.go:165: S0N2 : has received 2f + 1 commits ... 
S0N2: 2024/03/18 15:07:15 pbftInside_module.go:59: S0N2 : adding the block 4...now height = 3 
S0N2: 2024/03/18 15:07:15 pbftInside_module.go:62: S0N2 : added the block 4... 
S0N2: 2024/03/18 15:07:15 messageHandle.go:194: S0N2: this round of pbft 4 is end 
S0N2: 2024/03/18 15:07:15 messageHandle.go:153: S0N2 received the Commit from ...1
S0N2: 2024/03/18 15:07:20 pbftInside_module.go:42: S0N2 : the pre-prepare message is correct, putting it into the RequestPool. 
S0N2: 2024/03/18 15:07:20 messageHandle.go:90: S0N2 : has broadcast the prepare message 
S0N2: 2024/03/18 15:07:20 messageHandle.go:95: S0N2 : received the Prepare ...
S0N2: 2024/03/18 15:07:20 messageHandle.go:127: S0N2 : is going to commit
S0N2: 2024/03/18 15:07:20 messageHandle.go:141: S0N2 : commit is broadcast
S0N2: 2024/03/18 15:07:20 messageHandle.go:95: S0N2 : received the Prepare ...
S0N2: 2024/03/18 15:07:20 messageHandle.go:153: S0N2 received the Commit from ...3
S0N2: 2024/03/18 15:07:20 messageHandle.go:153: S0N2 received the Commit from ...0
S0N2: 2024/03/18 15:07:20 messageHandle.go:165: S0N2 : has received 2f + 1 commits ... 
S0N2: 2024/03/18 15:07:20 pbftInside_module.go:59: S0N2 : adding the block 5...now height = 4 
S0N2: 2024/03/18 15:07:21 pbftInside_module.go:62: S0N2 : added the block 5... 
S0N2: 2024/03/18 15:07:21 messageHandle.go:194: S0N2: this round of pbft 5 is end 
S0N2: 2024/03/18 15:07:21 messageHandle.go:153: S0N2 received the Commit from ...1
S0N2: 2024/03/18 15:07:25 pbftInside_module.go:42: S0N2 : the pre-prepare message is correct, putting it into the RequestPool. 
S0N2: 2024/03/18 15:07:25 messageHandle.go:90: S0N2 : has broadcast the prepare message 
S0N2: 2024/03/18 15:07:25 messageHandle.go:95: S0N2 : received the Prepare ...
S0N2: 2024/03/18 15:07:25 messageHandle.go:127: S0N2 : is going to commit
S0N2: 2024/03/18 15:07:25 messageHandle.go:141: S0N2 : commit is broadcast
S0N2: 2024/03/18 15:07:25 messageHandle.go:95: S0N2 : received the Prepare ...
S0N2: 2024/03/18 15:07:25 messageHandle.go:153: S0N2 received the Commit from ...0
S0N2: 2024/03/18 15:07:25 messageHandle.go:153: S0N2 received the Commit from ...1
S0N2: 2024/03/18 15:07:25 messageHandle.go:165: S0N2 : has received 2f + 1 commits ... 
S0N2: 2024/03/18 15:07:25 pbftInside_module.go:59: S0N2 : adding the block 6...now height = 5 
S0N2: 2024/03/18 15:07:25 pbftInside_module.go:62: S0N2 : added the block 6... 
S0N2: 2024/03/18 15:07:25 messageHandle.go:194: S0N2: this round of pbft 6 is end 
S0N2: 2024/03/18 15:07:25 messageHandle.go:153: S0N2 received the Commit from ...3
S0N2: 2024/03/18 15:07:30 pbftInside_module.go:42: S0N2 : the pre-prepare message is correct, putting it into the RequestPool. 
S0N2: 2024/03/18 15:07:30 messageHandle.go:90: S0N2 : has broadcast the prepare message 
S0N2: 2024/03/18 15:07:30 messageHandle.go:95: S0N2 : received the Prepare ...
S0N2: 2024/03/18 15:07:30 messageHandle.go:127: S0N2 : is going to commit
S0N2: 2024/03/18 15:07:30 messageHandle.go:141: S0N2 : commit is broadcast
S0N2: 2024/03/18 15:07:30 messageHandle.go:95: S0N2 : received the Prepare ...
S0N2: 2024/03/18 15:07:30 messageHandle.go:153: S0N2 received the Commit from ...0
S0N2: 2024/03/18 15:07:30 messageHandle.go:153: S0N2 received the Commit from ...1
S0N2: 2024/03/18 15:07:30 messageHandle.go:165: S0N2 : has received 2f + 1 commits ... 
S0N2: 2024/03/18 15:07:30 pbftInside_module.go:59: S0N2 : adding the block 7...now height = 6 
S0N2: 2024/03/18 15:07:31 pbftInside_module.go:62: S0N2 : added the block 7... 
S0N2: 2024/03/18 15:07:31 messageHandle.go:194: S0N2: this round of pbft 7 is end 
S0N2: 2024/03/18 15:07:31 messageHandle.go:153: S0N2 received the Commit from ...3
S0N2: 2024/03/18 15:07:35 pbftInside_module.go:42: S0N2 : the pre-prepare message is correct, putting it into the RequestPool. 
S0N2: 2024/03/18 15:07:35 messageHandle.go:90: S0N2 : has broadcast the prepare message 
S0N2: 2024/03/18 15:07:35 messageHandle.go:95: S0N2 : received the Prepare ...
S0N2: 2024/03/18 15:07:35 messageHandle.go:127: S0N2 : is going to commit
S0N2: 2024/03/18 15:07:35 messageHandle.go:141: S0N2 : commit is broadcast
S0N2: 2024/03/18 15:07:35 messageHandle.go:95: S0N2 : received the Prepare ...
S0N2: 2024/03/18 15:07:35 messageHandle.go:153: S0N2 received the Commit from ...0
S0N2: 2024/03/18 15:07:35 messageHandle.go:153: S0N2 received the Commit from ...1
S0N2: 2024/03/18 15:07:35 messageHandle.go:165: S0N2 : has received 2f + 1 commits ... 
S0N2: 2024/03/18 15:07:35 pbftInside_module.go:59: S0N2 : adding the block 8...now height = 7 
S0N2: 2024/03/18 15:07:36 pbftInside_module.go:62: S0N2 : added the block 8... 
S0N2: 2024/03/18 15:07:36 messageHandle.go:194: S0N2: this round of pbft 8 is end 
S0N2: 2024/03/18 15:07:36 messageHandle.go:153: S0N2 received the Commit from ...3
S0N2: 2024/03/18 15:07:40 pbftInside_module.go:42: S0N2 : the pre-prepare message is correct, putting it into the RequestPool. 
S0N2: 2024/03/18 15:07:40 messageHandle.go:90: S0N2 : has broadcast the prepare message 
S0N2: 2024/03/18 15:07:40 messageHandle.go:95: S0N2 : received the Prepare ...
S0N2: 2024/03/18 15:07:40 messageHandle.go:127: S0N2 : is going to commit
S0N2: 2024/03/18 15:07:40 messageHandle.go:141: S0N2 : commit is broadcast
S0N2: 2024/03/18 15:07:40 messageHandle.go:95: S0N2 : received the Prepare ...
S0N2: 2024/03/18 15:07:40 messageHandle.go:153: S0N2 received the Commit from ...3
S0N2: 2024/03/18 15:07:40 messageHandle.go:153: S0N2 received the Commit from ...1
S0N2: 2024/03/18 15:07:40 messageHandle.go:165: S0N2 : has received 2f + 1 commits ... 
S0N2: 2024/03/18 15:07:40 pbftInside_module.go:59: S0N2 : adding the block 9...now height = 8 
S0N2: 2024/03/18 15:07:41 pbftInside_module.go:62: S0N2 : added the block 9... 
S0N2: 2024/03/18 15:07:41 messageHandle.go:194: S0N2: this round of pbft 9 is end 
S0N2: 2024/03/18 15:07:41 messageHandle.go:153: S0N2 received the Commit from ...0
