S1N0: 2024/03/18 15:07:00 messageHandle.go:29: S1N0 get sequenceLock locked, now trying to propose...
S1N0: 2024/03/18 15:07:00 messageHandle.go:36: S1N0 put the request into the pool ...
S1N0: 2024/03/18 15:07:00 messageHandle.go:95: S1N0 : received the Prepare ...
S1N0: 2024/03/18 15:07:00 messageHandle.go:95: S1N0 : received the Prepare ...
S1N0: 2024/03/18 15:07:00 messageHandle.go:127: S1N0 : is going to commit
S1N0: 2024/03/18 15:07:00 messageHandle.go:141: S1N0 : commit is broadcast
S1N0: 2024/03/18 15:07:00 messageHandle.go:95: S1N0 : received the Prepare ...
S1N0: 2024/03/18 15:07:00 messageHandle.go:153: S1N0 received the Commit from ...2
S1N0: 2024/03/18 15:07:00 messageHandle.go:153: S1N0 received the Commit from ...3
S1N0: 2024/03/18 15:07:00 messageHandle.go:165: S1N0 : has received 2f + 1 commits ... 
S1N0: 2024/03/18 15:07:00 pbftInside_module.go:59: S1N0 : adding the block 1...now height = 0 
S1N0: 2024/03/18 15:07:00 pbftInside_module.go:62: S1N0 : added the block 1... 
S1N0: 2024/03/18 15:07:00 pbftInside_module.go:67: S1N0 : main node is trying to send relay txs at height = 1 
S1N0: 2024/03/18 15:07:00 pbftInside_module.go:120: S1N0 : sended excuted txs
S1N0: 2024/03/18 15:07:00 messageHandle.go:194: S1N0: this round of pbft 1 is end 
S1N0: 2024/03/18 15:07:00 messageHandle.go:201: S1N0 get sequenceLock unlocked...
S1N0: 2024/03/18 15:07:00 messageHandle.go:153: S1N0 received the Commit from ...1
S1N0: 2024/03/18 15:07:03 pbftOutside_module.go:49: S1N0 : has handled injected txs msg, txs: 638 
S1N0: 2024/03/18 15:07:04 pbftOutside_module.go:49: S1N0 : has handled injected txs msg, txs: 401 
S1N0: 2024/03/18 15:07:05 messageHandle.go:29: S1N0 get sequenceLock locked, now trying to propose...
S1N0: 2024/03/18 15:07:05 messageHandle.go:36: S1N0 put the request into the pool ...
S1N0: 2024/03/18 15:07:05 messageHandle.go:95: S1N0 : received the Prepare ...
S1N0: 2024/03/18 15:07:05 messageHandle.go:95: S1N0 : received the Prepare ...
S1N0: 2024/03/18 15:07:05 messageHandle.go:127: S1N0 : is going to commit
S1N0: 2024/03/18 15:07:05 messageHandle.go:141: S1N0 : commit is broadcast
S1N0: 2024/03/18 15:07:05 messageHandle.go:95: S1N0 : received the Prepare ...
S1N0: 2024/03/18 15:07:05 messageHandle.go:153: S1N0 received the Commit from ...1
S1N0: 2024/03/18 15:07:05 messageHandle.go:153: S1N0 received the Commit from ...2
S1N0: 2024/03/18 15:07:05 messageHandle.go:165: S1N0 : has received 2f + 1 commits ... 
S1N0: 2024/03/18 15:07:05 pbftInside_module.go:59: S1N0 : adding the block 2...now height = 1 
S1N0: 2024/03/18 15:07:05 pbftInside_module.go:62: S1N0 : added the block 2... 
S1N0: 2024/03/18 15:07:05 pbftInside_module.go:67: S1N0 : main node is trying to send relay txs at height = 2 
S1N0: 2024/03/18 15:07:05 pbftInside_module.go:120: S1N0 : sended excuted txs
S1N0: 2024/03/18 15:07:05 messageHandle.go:194: S1N0: this round of pbft 2 is end 
S1N0: 2024/03/18 15:07:05 messageHandle.go:201: S1N0 get sequenceLock unlocked...
S1N0: 2024/03/18 15:07:05 messageHandle.go:153: S1N0 received the Commit from ...3
S1N0: 2024/03/18 15:07:05 pbftOutside_module.go:49: S1N0 : has handled injected txs msg, txs: 1532 
S1N0: 2024/03/18 15:07:06 pbftOutside_module.go:49: S1N0 : has handled injected txs msg, txs: 1043 
S1N0: 2024/03/18 15:07:07 pbftOutside_module.go:49: S1N0 : has handled injected txs msg, txs: 554 
S1N0: 2024/03/18 15:07:08 pbftOutside_module.go:49: S1N0 : has handled injected txs msg, txs: 809 
S1N0: 2024/03/18 15:07:09 pbftOutside_module.go:49: S1N0 : has handled injected txs msg, txs: 1309 
S1N0: 2024/03/18 15:07:10 messageHandle.go:29: S1N0 get sequenceLock locked, now trying to propose...
S1N0: 2024/03/18 15:07:10 messageHandle.go:36: S1N0 put the request into the pool ...
S1N0: 2024/03/18 15:07:10 messageHandle.go:95: S1N0 : received the Prepare ...
S1N0: 2024/03/18 15:07:10 messageHandle.go:95: S1N0 : received the Prepare ...
S1N0: 2024/03/18 15:07:10 messageHandle.go:127: S1N0 : is going to commit
S1N0: 2024/03/18 15:07:10 messageHandle.go:141: S1N0 : commit is broadcast
S1N0: 2024/03/18 15:07:10 messageHandle.go:95: S1N0 : received the Prepare ...
S1N0: 2024/03/18 15:07:10 messageHandle.go:153: S1N0 received the Commit from ...2
S1N0: 2024/03/18 15:07:10 messageHandle.go:153: S1N0 received the Commit from ...1
S1N0: 2024/03/18 15:07:10 messageHandle.go:165: S1N0 : has received 2f + 1 commits ... 
S1N0: 2024/03/18 15:07:10 pbftInside_module.go:59: S1N0 : adding the block 3...now height = 2 
S1N0: 2024/03/18 15:07:11 pbftInside_module.go:62: S1N0 : added the block 3... 
S1N0: 2024/03/18 15:07:11 pbftInside_module.go:67: S1N0 : main node is trying to send relay txs at height = 3 
S1N0: 2024/03/18 15:07:11 pbftInside_module.go:120: S1N0 : sended excuted txs
S1N0: 2024/03/18 15:07:11 messageHandle.go:194: S1N0: this round of pbft 3 is end 
S1N0: 2024/03/18 15:07:11 messageHandle.go:201: S1N0 get sequenceLock unlocked...
S1N0: 2024/03/18 15:07:11 messageHandle.go:153: S1N0 received the Commit from ...3
S1N0: 2024/03/18 15:07:11 pbftOutside_module.go:49: S1N0 : has handled injected txs msg, txs: 1266 
S1N0: 2024/03/18 15:07:12 pbftOutside_module.go:49: S1N0 : has handled injected txs msg, txs: 1940 
S1N0: 2024/03/18 15:07:13 pbftOutside_module.go:49: S1N0 : has handled injected txs msg, txs: 1930 
S1N0: 2024/03/18 15:07:14 pbftOutside_module.go:49: S1N0 : has handled injected txs msg, txs: 784 
S1N0: 2024/03/18 15:07:15 pbftOutside_module.go:49: S1N0 : has handled injected txs msg, txs: 1294 
S1N0: 2024/03/18 15:07:15 messageHandle.go:29: S1N0 get sequenceLock locked, now trying to propose...
S1N0: 2024/03/18 15:07:15 messageHandle.go:36: S1N0 put the request into the pool ...
S1N0: 2024/03/18 15:07:15 messageHandle.go:95: S1N0 : received the Prepare ...
S1N0: 2024/03/18 15:07:15 messageHandle.go:95: S1N0 : received the Prepare ...
S1N0: 2024/03/18 15:07:15 messageHandle.go:127: S1N0 : is going to commit
S1N0: 2024/03/18 15:07:15 messageHandle.go:141: S1N0 : commit is broadcast
S1N0: 2024/03/18 15:07:15 messageHandle.go:95: S1N0 : received the Prepare ...
S1N0: 2024/03/18 15:07:15 messageHandle.go:153: S1N0 received the Commit from ...3
S1N0: 2024/03/18 15:07:15 messageHandle.go:153: S1N0 received the Commit from ...1
S1N0: 2024/03/18 15:07:15 messageHandle.go:165: S1N0 : has received 2f + 1 commits ... 
S1N0: 2024/03/18 15:07:15 pbftInside_module.go:59: S1N0 : adding the block 4...now height = 3 
S1N0: 2024/03/18 15:07:15 pbftInside_module.go:62: S1N0 : added the block 4... 
S1N0: 2024/03/18 15:07:15 pbftInside_module.go:67: S1N0 : main node is trying to send relay txs at height = 4 
S1N0: 2024/03/18 15:07:16 pbftInside_module.go:120: S1N0 : sended excuted txs
S1N0: 2024/03/18 15:07:16 messageHandle.go:194: S1N0: this round of pbft 4 is end 
S1N0: 2024/03/18 15:07:16 messageHandle.go:201: S1N0 get sequenceLock unlocked...
S1N0: 2024/03/18 15:07:16 messageHandle.go:153: S1N0 received the Commit from ...2
S1N0: 2024/03/18 15:07:16 pbftOutside_module.go:49: S1N0 : has handled injected txs msg, txs: 633 
S1N0: 2024/03/18 15:07:17 pbftOutside_module.go:49: S1N0 : has handled injected txs msg, txs: 833 
S1N0: 2024/03/18 15:07:18 pbftOutside_module.go:49: S1N0 : has handled injected txs msg, txs: 1917 
S1N0: 2024/03/18 15:07:19 pbftOutside_module.go:49: S1N0 : has handled injected txs msg, txs: 1890 
S1N0: 2024/03/18 15:07:20 messageHandle.go:29: S1N0 get sequenceLock locked, now trying to propose...
S1N0: 2024/03/18 15:07:20 messageHandle.go:36: S1N0 put the request into the pool ...
S1N0: 2024/03/18 15:07:20 messageHandle.go:95: S1N0 : received the Prepare ...
S1N0: 2024/03/18 15:07:20 messageHandle.go:95: S1N0 : received the Prepare ...
S1N0: 2024/03/18 15:07:20 messageHandle.go:127: S1N0 : is going to commit
S1N0: 2024/03/18 15:07:20 messageHandle.go:141: S1N0 : commit is broadcast
S1N0: 2024/03/18 15:07:20 messageHandle.go:95: S1N0 : received the Prepare ...
S1N0: 2024/03/18 15:07:20 messageHandle.go:153: S1N0 received the Commit from ...3
S1N0: 2024/03/18 15:07:20 messageHandle.go:153: S1N0 received the Commit from ...1
S1N0: 2024/03/18 15:07:20 messageHandle.go:165: S1N0 : has received 2f + 1 commits ... 
S1N0: 2024/03/18 15:07:20 pbftInside_module.go:59: S1N0 : adding the block 5...now height = 4 
S1N0: 2024/03/18 15:07:21 pbftInside_module.go:62: S1N0 : added the block 5... 
S1N0: 2024/03/18 15:07:21 pbftInside_module.go:67: S1N0 : main node is trying to send relay txs at height = 5 
S1N0: 2024/03/18 15:07:21 pbftInside_module.go:120: S1N0 : sended excuted txs
S1N0: 2024/03/18 15:07:21 messageHandle.go:194: S1N0: this round of pbft 5 is end 
S1N0: 2024/03/18 15:07:21 messageHandle.go:201: S1N0 get sequenceLock unlocked...
S1N0: 2024/03/18 15:07:21 messageHandle.go:153: S1N0 received the Commit from ...2
S1N0: 2024/03/18 15:07:21 pbftOutside_module.go:49: S1N0 : has handled injected txs msg, txs: 1955 
S1N0: 2024/03/18 15:07:22 pbftOutside_module.go:49: S1N0 : has handled injected txs msg, txs: 1077 
S1N0: 2024/03/18 15:07:23 pbftOutside_module.go:49: S1N0 : has handled injected txs msg, txs: 370 
S1N0: 2024/03/18 15:07:24 pbftOutside_module.go:49: S1N0 : has handled injected txs msg, txs: 344 
S1N0: 2024/03/18 15:07:25 pbftOutside_module.go:49: S1N0 : has handled injected txs msg, txs: 1300 
S1N0: 2024/03/18 15:07:25 messageHandle.go:29: S1N0 get sequenceLock locked, now trying to propose...
S1N0: 2024/03/18 15:07:25 messageHandle.go:36: S1N0 put the request into the pool ...
S1N0: 2024/03/18 15:07:25 messageHandle.go:95: S1N0 : received the Prepare ...
S1N0: 2024/03/18 15:07:25 messageHandle.go:95: S1N0 : received the Prepare ...
S1N0: 2024/03/18 15:07:25 messageHandle.go:127: S1N0 : is going to commit
S1N0: 2024/03/18 15:07:25 messageHandle.go:141: S1N0 : commit is broadcast
S1N0: 2024/03/18 15:07:25 messageHandle.go:95: S1N0 : received the Prepare ...
S1N0: 2024/03/18 15:07:25 messageHandle.go:153: S1N0 received the Commit from ...3
S1N0: 2024/03/18 15:07:25 messageHandle.go:153: S1N0 received the Commit from ...1
S1N0: 2024/03/18 15:07:25 messageHandle.go:165: S1N0 : has received 2f + 1 commits ... 
S1N0: 2024/03/18 15:07:25 pbftInside_module.go:59: S1N0 : adding the block 6...now height = 5 
S1N0: 2024/03/18 15:07:26 pbftInside_module.go:62: S1N0 : added the block 6... 
S1N0: 2024/03/18 15:07:26 pbftInside_module.go:67: S1N0 : main node is trying to send relay txs at height = 6 
S1N0: 2024/03/18 15:07:26 pbftInside_module.go:120: S1N0 : sended excuted txs
S1N0: 2024/03/18 15:07:26 messageHandle.go:194: S1N0: this round of pbft 6 is end 
S1N0: 2024/03/18 15:07:26 messageHandle.go:201: S1N0 get sequenceLock unlocked...
S1N0: 2024/03/18 15:07:26 messageHandle.go:153: S1N0 received the Commit from ...2
S1N0: 2024/03/18 15:07:26 pbftOutside_module.go:49: S1N0 : has handled injected txs msg, txs: 1089 
S1N0: 2024/03/18 15:07:27 pbftOutside_module.go:49: S1N0 : has handled injected txs msg, txs: 462 
S1N0: 2024/03/18 15:07:28 pbftOutside_module.go:49: S1N0 : has handled injected txs msg, txs: 602 
S1N0: 2024/03/18 15:07:29 pbftOutside_module.go:49: S1N0 : has handled injected txs msg, txs: 1379 
S1N0: 2024/03/18 15:07:30 messageHandle.go:29: S1N0 get sequenceLock locked, now trying to propose...
S1N0: 2024/03/18 15:07:30 pbftOutside_module.go:49: S1N0 : has handled injected txs msg, txs: 514 
S1N0: 2024/03/18 15:07:30 messageHandle.go:36: S1N0 put the request into the pool ...
S1N0: 2024/03/18 15:07:31 messageHandle.go:95: S1N0 : received the Prepare ...
S1N0: 2024/03/18 15:07:31 messageHandle.go:95: S1N0 : received the Prepare ...
S1N0: 2024/03/18 15:07:31 messageHandle.go:127: S1N0 : is going to commit
S1N0: 2024/03/18 15:07:31 messageHandle.go:141: S1N0 : commit is broadcast
S1N0: 2024/03/18 15:07:31 messageHandle.go:95: S1N0 : received the Prepare ...
S1N0: 2024/03/18 15:07:31 messageHandle.go:153: S1N0 received the Commit from ...3
S1N0: 2024/03/18 15:07:31 messageHandle.go:153: S1N0 received the Commit from ...1
S1N0: 2024/03/18 15:07:31 messageHandle.go:165: S1N0 : has received 2f + 1 commits ... 
S1N0: 2024/03/18 15:07:31 pbftInside_module.go:59: S1N0 : adding the block 7...now height = 6 
S1N0: 2024/03/18 15:07:31 pbftInside_module.go:62: S1N0 : added the block 7... 
S1N0: 2024/03/18 15:07:31 pbftInside_module.go:67: S1N0 : main node is trying to send relay txs at height = 7 
S1N0: 2024/03/18 15:07:31 pbftInside_module.go:120: S1N0 : sended excuted txs
S1N0: 2024/03/18 15:07:31 messageHandle.go:194: S1N0: this round of pbft 7 is end 
S1N0: 2024/03/18 15:07:31 messageHandle.go:201: S1N0 get sequenceLock unlocked...
S1N0: 2024/03/18 15:07:31 messageHandle.go:153: S1N0 received the Commit from ...2
S1N0: 2024/03/18 15:07:31 pbftOutside_module.go:49: S1N0 : has handled injected txs msg, txs: 1383 
S1N0: 2024/03/18 15:07:33 pbftOutside_module.go:49: S1N0 : has handled injected txs msg, txs: 1932 
