S1N1: 2024/03/18 15:07:00 pbftInside_module.go:42: S1N1 : the pre-prepare message is correct, putting it into the RequestPool. 
S1N1: 2024/03/18 15:07:00 messageHandle.go:90: S1N1 : has broadcast the prepare message 
S1N1: 2024/03/18 15:07:00 messageHandle.go:95: S1N1 : received the Prepare ...
S1N1: 2024/03/18 15:07:00 messageHandle.go:127: S1N1 : is going to commit
S1N1: 2024/03/18 15:07:00 messageHandle.go:141: S1N1 : commit is broadcast
S1N1: 2024/03/18 15:07:00 messageHandle.go:95: S1N1 : received the Prepare ...
S1N1: 2024/03/18 15:07:00 messageHandle.go:153: S1N1 received the Commit from ...2
S1N1: 2024/03/18 15:07:00 messageHandle.go:153: S1N1 received the Commit from ...0
S1N1: 2024/03/18 15:07:00 messageHandle.go:165: S1N1 : has received 2f + 1 commits ... 
S1N1: 2024/03/18 15:07:00 pbftInside_module.go:59: S1N1 : adding the block 1...now height = 0 
S1N1: 2024/03/18 15:07:00 pbftInside_module.go:62: S1N1 : added the block 1... 
S1N1: 2024/03/18 15:07:00 messageHandle.go:194: S1N1: this round of pbft 1 is end 
S1N1: 2024/03/18 15:07:00 messageHandle.go:153: S1N1 received the Commit from ...3
S1N1: 2024/03/18 15:07:05 pbftInside_module.go:42: S1N1 : the pre-prepare message is correct, putting it into the RequestPool. 
S1N1: 2024/03/18 15:07:05 messageHandle.go:90: S1N1 : has broadcast the prepare message 
S1N1: 2024/03/18 15:07:05 messageHandle.go:95: S1N1 : received the Prepare ...
S1N1: 2024/03/18 15:07:05 messageHandle.go:127: S1N1 : is going to commit
S1N1: 2024/03/18 15:07:05 messageHandle.go:141: S1N1 : commit is broadcast
S1N1: 2024/03/18 15:07:05 messageHandle.go:95: S1N1 : received the Prepare ...
S1N1: 2024/03/18 15:07:05 messageHandle.go:153: S1N1 received the Commit from ...2
S1N1: 2024/03/18 15:07:05 messageHandle.go:153: S1N1 received the Commit from ...0
S1N1: 2024/03/18 15:07:05 messageHandle.go:165: S1N1 : has received 2f + 1 commits ... 
S1N1: 2024/03/18 15:07:05 pbftInside_module.go:59: S1N1 : adding the block 2...now height = 1 
S1N1: 2024/03/18 15:07:05 pbftInside_module.go:62: S1N1 : added the block 2... 
S1N1: 2024/03/18 15:07:05 messageHandle.go:194: S1N1: this round of pbft 2 is end 
S1N1: 2024/03/18 15:07:05 messageHandle.go:153: S1N1 received the Commit from ...3
S1N1: 2024/03/18 15:07:10 pbftInside_module.go:42: S1N1 : the pre-prepare message is correct, putting it into the RequestPool. 
S1N1: 2024/03/18 15:07:10 messageHandle.go:90: S1N1 : has broadcast the prepare message 
S1N1: 2024/03/18 15:07:10 messageHandle.go:95: S1N1 : received the Prepare ...
S1N1: 2024/03/18 15:07:10 messageHandle.go:127: S1N1 : is going to commit
S1N1: 2024/03/18 15:07:10 messageHandle.go:141: S1N1 : commit is broadcast
S1N1: 2024/03/18 15:07:10 messageHandle.go:95: S1N1 : received the Prepare ...
S1N1: 2024/03/18 15:07:10 messageHandle.go:153: S1N1 received the Commit from ...2
S1N1: 2024/03/18 15:07:10 messageHandle.go:153: S1N1 received the Commit from ...3
S1N1: 2024/03/18 15:07:10 messageHandle.go:165: S1N1 : has received 2f + 1 commits ... 
S1N1: 2024/03/18 15:07:10 pbftInside_module.go:59: S1N1 : adding the block 3...now height = 2 
S1N1: 2024/03/18 15:07:11 pbftInside_module.go:62: S1N1 : added the block 3... 
S1N1: 2024/03/18 15:07:11 messageHandle.go:194: S1N1: this round of pbft 3 is end 
S1N1: 2024/03/18 15:07:11 messageHandle.go:153: S1N1 received the Commit from ...0
S1N1: 2024/03/18 15:07:15 pbftInside_module.go:42: S1N1 : the pre-prepare message is correct, putting it into the RequestPool. 
S1N1: 2024/03/18 15:07:15 messageHandle.go:90: S1N1 : has broadcast the prepare message 
S1N1: 2024/03/18 15:07:15 messageHandle.go:95: S1N1 : received the Prepare ...
S1N1: 2024/03/18 15:07:15 messageHandle.go:127: S1N1 : is going to commit
S1N1: 2024/03/18 15:07:15 messageHandle.go:141: S1N1 : commit is broadcast
S1N1: 2024/03/18 15:07:15 messageHandle.go:95: S1N1 : received the Prepare ...
S1N1: 2024/03/18 15:07:15 messageHandle.go:153: S1N1 received the Commit from ...3
S1N1: 2024/03/18 15:07:15 messageHandle.go:153: S1N1 received the Commit from ...0
S1N1: 2024/03/18 15:07:15 messageHandle.go:165: S1N1 : has received 2f + 1 commits ... 
S1N1: 2024/03/18 15:07:15 pbftInside_module.go:59: S1N1 : adding the block 4...now height = 3 
S1N1: 2024/03/18 15:07:16 pbftInside_module.go:62: S1N1 : added the block 4... 
S1N1: 2024/03/18 15:07:16 messageHandle.go:194: S1N1: this round of pbft 4 is end 
S1N1: 2024/03/18 15:07:16 messageHandle.go:153: S1N1 received the Commit from ...2
S1N1: 2024/03/18 15:07:20 pbftInside_module.go:42: S1N1 : the pre-prepare message is correct, putting it into the RequestPool. 
S1N1: 2024/03/18 15:07:20 messageHandle.go:90: S1N1 : has broadcast the prepare message 
S1N1: 2024/03/18 15:07:20 messageHandle.go:95: S1N1 : received the Prepare ...
S1N1: 2024/03/18 15:07:20 messageHandle.go:127: S1N1 : is going to commit
S1N1: 2024/03/18 15:07:20 messageHandle.go:141: S1N1 : commit is broadcast
S1N1: 2024/03/18 15:07:20 messageHandle.go:95: S1N1 : received the Prepare ...
S1N1: 2024/03/18 15:07:20 messageHandle.go:153: S1N1 received the Commit from ...3
S1N1: 2024/03/18 15:07:20 messageHandle.go:153: S1N1 received the Commit from ...0
S1N1: 2024/03/18 15:07:20 messageHandle.go:165: S1N1 : has received 2f + 1 commits ... 
S1N1: 2024/03/18 15:07:20 pbftInside_module.go:59: S1N1 : adding the block 5...now height = 4 
S1N1: 2024/03/18 15:07:21 pbftInside_module.go:62: S1N1 : added the block 5... 
S1N1: 2024/03/18 15:07:21 messageHandle.go:194: S1N1: this round of pbft 5 is end 
S1N1: 2024/03/18 15:07:21 messageHandle.go:153: S1N1 received the Commit from ...2
S1N1: 2024/03/18 15:07:25 pbftInside_module.go:42: S1N1 : the pre-prepare message is correct, putting it into the RequestPool. 
S1N1: 2024/03/18 15:07:25 messageHandle.go:90: S1N1 : has broadcast the prepare message 
S1N1: 2024/03/18 15:07:25 messageHandle.go:95: S1N1 : received the Prepare ...
S1N1: 2024/03/18 15:07:25 messageHandle.go:127: S1N1 : is going to commit
S1N1: 2024/03/18 15:07:25 messageHandle.go:141: S1N1 : commit is broadcast
S1N1: 2024/03/18 15:07:25 messageHandle.go:95: S1N1 : received the Prepare ...
S1N1: 2024/03/18 15:07:25 messageHandle.go:153: S1N1 received the Commit from ...0
S1N1: 2024/03/18 15:07:25 messageHandle.go:153: S1N1 received the Commit from ...3
S1N1: 2024/03/18 15:07:25 messageHandle.go:165: S1N1 : has received 2f + 1 commits ... 
S1N1: 2024/03/18 15:07:25 pbftInside_module.go:59: S1N1 : adding the block 6...now height = 5 
S1N1: 2024/03/18 15:07:26 pbftInside_module.go:62: S1N1 : added the block 6... 
S1N1: 2024/03/18 15:07:26 messageHandle.go:194: S1N1: this round of pbft 6 is end 
S1N1: 2024/03/18 15:07:26 messageHandle.go:153: S1N1 received the Commit from ...2
S1N1: 2024/03/18 15:07:31 pbftInside_module.go:42: S1N1 : the pre-prepare message is correct, putting it into the RequestPool. 
S1N1: 2024/03/18 15:07:31 messageHandle.go:90: S1N1 : has broadcast the prepare message 
S1N1: 2024/03/18 15:07:31 messageHandle.go:95: S1N1 : received the Prepare ...
S1N1: 2024/03/18 15:07:31 messageHandle.go:127: S1N1 : is going to commit
S1N1: 2024/03/18 15:07:31 messageHandle.go:141: S1N1 : commit is broadcast
S1N1: 2024/03/18 15:07:31 messageHandle.go:95: S1N1 : received the Prepare ...
S1N1: 2024/03/18 15:07:31 messageHandle.go:153: S1N1 received the Commit from ...0
S1N1: 2024/03/18 15:07:31 messageHandle.go:153: S1N1 received the Commit from ...2
S1N1: 2024/03/18 15:07:31 messageHandle.go:165: S1N1 : has received 2f + 1 commits ... 
S1N1: 2024/03/18 15:07:31 pbftInside_module.go:59: S1N1 : adding the block 7...now height = 6 
S1N1: 2024/03/18 15:07:31 pbftInside_module.go:62: S1N1 : added the block 7... 
S1N1: 2024/03/18 15:07:31 messageHandle.go:194: S1N1: this round of pbft 7 is end 
S1N1: 2024/03/18 15:07:31 messageHandle.go:153: S1N1 received the Commit from ...3
